mode: set
github.com/Lukmanern/go-bank-backend/util/random.go:11.13,13.2 1 1
github.com/Lukmanern/go-bank-backend/util/random.go:15.38,17.2 1 1
github.com/Lukmanern/go-bank-backend/util/random.go:19.33,23.25 3 1
github.com/Lukmanern/go-bank-backend/util/random.go:28.2,28.20 1 1
github.com/Lukmanern/go-bank-backend/util/random.go:23.25,26.3 2 1
github.com/Lukmanern/go-bank-backend/util/random.go:31.27,33.2 1 1
github.com/Lukmanern/go-bank-backend/util/random.go:35.26,37.2 1 1
github.com/Lukmanern/go-bank-backend/util/random.go:39.30,45.2 3 1
github.com/Lukmanern/go-bank-backend/db/sqlc/entry.sql.go:24.90,34.2 4 1
github.com/Lukmanern/go-bank-backend/db/sqlc/entry.sql.go:41.74,51.2 4 1
github.com/Lukmanern/go-bank-backend/db/sqlc/entry.sql.go:67.92,69.16 2 1
github.com/Lukmanern/go-bank-backend/db/sqlc/entry.sql.go:72.2,74.18 3 1
github.com/Lukmanern/go-bank-backend/db/sqlc/entry.sql.go:86.2,86.37 1 1
github.com/Lukmanern/go-bank-backend/db/sqlc/entry.sql.go:89.2,89.35 1 1
github.com/Lukmanern/go-bank-backend/db/sqlc/entry.sql.go:92.2,92.19 1 1
github.com/Lukmanern/go-bank-backend/db/sqlc/entry.sql.go:69.16,71.3 1 1
github.com/Lukmanern/go-bank-backend/db/sqlc/entry.sql.go:74.18,81.17 2 1
github.com/Lukmanern/go-bank-backend/db/sqlc/entry.sql.go:84.3,84.27 1 1
github.com/Lukmanern/go-bank-backend/db/sqlc/entry.sql.go:81.17,83.4 1 0
github.com/Lukmanern/go-bank-backend/db/sqlc/entry.sql.go:86.37,88.3 1 0
github.com/Lukmanern/go-bank-backend/db/sqlc/entry.sql.go:89.35,91.3 1 0
github.com/Lukmanern/go-bank-backend/db/sqlc/transfer.sql.go:26.99,37.2 4 1
github.com/Lukmanern/go-bank-backend/db/sqlc/transfer.sql.go:44.80,55.2 4 1
github.com/Lukmanern/go-bank-backend/db/sqlc/transfer.sql.go:74.99,81.16 2 1
github.com/Lukmanern/go-bank-backend/db/sqlc/transfer.sql.go:84.2,86.18 3 1
github.com/Lukmanern/go-bank-backend/db/sqlc/transfer.sql.go:99.2,99.37 1 1
github.com/Lukmanern/go-bank-backend/db/sqlc/transfer.sql.go:102.2,102.35 1 1
github.com/Lukmanern/go-bank-backend/db/sqlc/transfer.sql.go:105.2,105.19 1 1
github.com/Lukmanern/go-bank-backend/db/sqlc/transfer.sql.go:81.16,83.3 1 1
github.com/Lukmanern/go-bank-backend/db/sqlc/transfer.sql.go:86.18,94.17 2 1
github.com/Lukmanern/go-bank-backend/db/sqlc/transfer.sql.go:97.3,97.27 1 1
github.com/Lukmanern/go-bank-backend/db/sqlc/transfer.sql.go:94.17,96.4 1 0
github.com/Lukmanern/go-bank-backend/db/sqlc/transfer.sql.go:99.37,101.3 1 0
github.com/Lukmanern/go-bank-backend/db/sqlc/transfer.sql.go:102.35,104.3 1 0
github.com/Lukmanern/go-bank-backend/db/sqlc/account.sql.go:22.96,24.16 2 1
github.com/Lukmanern/go-bank-backend/db/sqlc/account.sql.go:27.2,29.18 3 1
github.com/Lukmanern/go-bank-backend/db/sqlc/account.sql.go:42.2,42.37 1 1
github.com/Lukmanern/go-bank-backend/db/sqlc/account.sql.go:45.2,45.35 1 1
github.com/Lukmanern/go-bank-backend/db/sqlc/account.sql.go:48.2,48.19 1 1
github.com/Lukmanern/go-bank-backend/db/sqlc/account.sql.go:24.16,26.3 1 1
github.com/Lukmanern/go-bank-backend/db/sqlc/account.sql.go:29.18,37.17 2 1
github.com/Lukmanern/go-bank-backend/db/sqlc/account.sql.go:40.3,40.27 1 1
github.com/Lukmanern/go-bank-backend/db/sqlc/account.sql.go:37.17,39.4 1 0
github.com/Lukmanern/go-bank-backend/db/sqlc/account.sql.go:42.37,44.3 1 0
github.com/Lukmanern/go-bank-backend/db/sqlc/account.sql.go:45.35,47.3 1 0
github.com/Lukmanern/go-bank-backend/db/sqlc/account.sql.go:67.96,78.2 4 1
github.com/Lukmanern/go-bank-backend/db/sqlc/account.sql.go:84.70,87.2 2 1
github.com/Lukmanern/go-bank-backend/db/sqlc/account.sql.go:94.78,105.2 4 1
github.com/Lukmanern/go-bank-backend/db/sqlc/account.sql.go:119.96,130.2 4 1
github.com/Lukmanern/go-bank-backend/db/sqlc/db.go:17.28,19.2 1 1
